[01m[K/home/taste/projects/largedatataste/img_transfer_gr740_4spo/work/receiver/C/wrappers/receiver_vm_if.c:[m[K In function '[01m[Kinit_receiver[m[K':
[01m[K/home/taste/projects/largedatataste/img_transfer_gr740_4spo/work/receiver/C/wrappers/receiver_vm_if.c:25:19:[m[K [01;35m[Kwarning: [m[Knested extern declaration of '[01m[Kreceiver_startup[m[K' [[01;35m[K-Wnested-externs[m[K]
       extern void [01;35m[Kreceiver_startup[m[K(void);
                   [01;35m[K^~~~~~~~~~~~~~~~[m[K
[01m[K/home/taste/projects/largedatataste/img_transfer_gr740_4spo/work/receiver/C/wrappers/receiver_vm_if.c:[m[K In function '[01m[Kreceiver_a[m[K':
[01m[K/home/taste/projects/largedatataste/img_transfer_gr740_4spo/work/receiver/C/wrappers/receiver_vm_if.c:50:16:[m[K [01;35m[Kwarning: [m[Knested extern declaration of '[01m[Kreceiver_PI_a[m[K' [[01;35m[K-Wnested-externs[m[K]
    extern void [01;35m[Kreceiver_PI_a[m[K
                [01;35m[K^~~~~~~~~~~~~[m[K
[01m[K/home/taste/projects/largedatataste/img_transfer_gr740_4spo/work/receiver/C/wrappers/receiver_vm_if.c:57:19:[m[K [01;35m[Kwarning: [m[Kcast increases required alignment of target type [[01;35m[K-Wcast-align[m[K]
    receiver_PI_a ([01;35m[K([m[Kasn1SccMyInteger *)IN_vara);
                   [01;35m[K^[m[K
[01m[K/home/taste/projects/largedatataste/img_transfer_gr740_4spo/work/receiver/C/wrappers/receiver_vm_if.c:34:36:[m[K [01;35m[Kwarning: [m[Kunused parameter '[01m[KIN_vara_len[m[K' [[01;35m[K-Wunused-parameter[m[K]
       (const char *IN_vara, size_t [01;35m[KIN_vara_len[m[K)
                                    [01;35m[K^~~~~~~~~~~[m[K
[01m[K/home/taste/projects/largedatataste/img_transfer_gr740_4spo/work/receiver/C/wrappers/receiver_vm_if.c:[m[K In function '[01m[Kreceiver_image[m[K':
[01m[K/home/taste/projects/largedatataste/img_transfer_gr740_4spo/work/receiver/C/wrappers/receiver_vm_if.c:77:16:[m[K [01;35m[Kwarning: [m[Knested extern declaration of '[01m[Kreceiver_PI_image[m[K' [[01;35m[K-Wnested-externs[m[K]
    extern void [01;35m[Kreceiver_PI_image[m[K
                [01;35m[K^~~~~~~~~~~~~~~~~[m[K
[01m[K/home/taste/projects/largedatataste/img_transfer_gr740_4spo/work/receiver/C/wrappers/receiver_vm_if.c:61:40:[m[K [01;35m[Kwarning: [m[Kunused parameter '[01m[KIN_img_data_len[m[K' [[01;35m[K-Wunused-parameter[m[K]
       (const char *IN_img_data, size_t [01;35m[KIN_img_data_len[m[K)
                                        [01;35m[K^~~~~~~~~~~~~~~[m[K
