In file included from [01m[K/opt/rtems-5.1-2019.07.25/sparc-rtems5/gr740/lib/include/rtems/score/isrlock.h:27:0[m[K,
                 from [01m[K/opt/rtems-5.1-2019.07.25/sparc-rtems5/gr740/lib/include/rtems/rtems/intr.h:23[m[K,
                 from [01m[K/opt/rtems-5.1-2019.07.25/sparc-rtems5/gr740/lib/include/rtems/init.h:33[m[K,
                 from [01m[K/opt/rtems-5.1-2019.07.25/sparc-rtems5/gr740/lib/include/rtems.h:34[m[K,
                 from [01m[K/home/taste/projects/img_transfer_n2x/work/build/deploymentview_final/polyorb-hi-c/include/po_hi_common.h:31[m[K,
                 from [01m[K/home/taste/projects/img_transfer_n2x/work/build/deploymentview_final/polyorb-hi-c/src/po_hi_main.c:20[m[K:
[01m[K/opt/rtems-5.1-2019.07.25/sparc-rtems5/gr740/lib/include/rtems/score/smplock.h:[m[K In function '[01m[K_SMP_lock_Set_name[m[K':
[01m[K/opt/rtems-5.1-2019.07.25/sparc-rtems5/gr740/lib/include/rtems/score/smplock.h:197:21:[m[K [01;35m[Kwarning: [m[Kunused parameter '[01m[Klock[m[K' [[01;35m[K-Wunused-parameter[m[K]
   SMP_lock_Control *[01;35m[Klock[m[K,
                     [01;35m[K^~~~[m[K
In file included from [01m[K/home/taste/projects/img_transfer_n2x/work/build/deploymentview_final/polyorb-hi-c/include/po_hi_common.h:128:0[m[K,
                 from [01m[K/home/taste/projects/img_transfer_n2x/work/build/deploymentview_final/polyorb-hi-c/src/po_hi_main.c:20[m[K:
[01m[K/opt/rtems-5.1-2019.07.25/sparc-rtems5/gr740/lib/include/rtems/confdefs.h:[m[K At top level:
[01m[K/opt/rtems-5.1-2019.07.25/sparc-rtems5/gr740/lib/include/rtems/confdefs.h:195:4:[m[K [01;35m[Kwarning: [m[K#warning "CONFIGURE_SMP_APPLICATION is obsolete since RTEMS 5.1" [[01;35m[K-Wcpp[m[K]
   #[01;35m[Kwarning[m[K "CONFIGURE_SMP_APPLICATION is obsolete since RTEMS 5.1"
    [01;35m[K^~~~~~~[m[K
In file included from [01m[K/home/taste/projects/img_transfer_n2x/work/build/deploymentview_final/polyorb-hi-c/include/po_hi_common.h:128:0[m[K,
                 from [01m[K/home/taste/projects/img_transfer_n2x/work/build/deploymentview_final/polyorb-hi-c/src/po_hi_main.c:20[m[K:
[01m[K/opt/rtems-5.1-2019.07.25/sparc-rtems5/gr740/lib/include/rtems/confdefs.h:2300:57:[m[K [01;35m[Kwarning: [m[Kinitialization from incompatible pointer type [[01;35m[K-Wincompatible-pointer-types[m[K]
       #define CONFIGURE_POSIX_INIT_THREAD_ENTRY_POINT   [01;35m[KP[m[KOSIX_Init
                                                         [01;35m[K^[m[K
[01m[K/opt/rtems-5.1-2019.07.25/sparc-rtems5/gr740/lib/include/rtems/confdefs.h:2310:11:[m[K [01;36m[Knote: [m[Kin expansion of macro '[01m[KCONFIGURE_POSIX_INIT_THREAD_ENTRY_POINT[m[K'
         { [01;36m[KC[m[KONFIGURE_POSIX_INIT_THREAD_ENTRY_POINT,
           [01;36m[K^[m[K
[01m[K/opt/rtems-5.1-2019.07.25/sparc-rtems5/gr740/lib/include/rtems/confdefs.h:2300:57:[m[K [01;36m[Knote: [m[K(near initialization for '[01m[KPOSIX_Initialization_threads[0].thread_entry[m[K')
       #define CONFIGURE_POSIX_INIT_THREAD_ENTRY_POINT   [01;36m[KP[m[KOSIX_Init
                                                         [01;36m[K^[m[K
[01m[K/opt/rtems-5.1-2019.07.25/sparc-rtems5/gr740/lib/include/rtems/confdefs.h:2310:11:[m[K [01;36m[Knote: [m[Kin expansion of macro '[01m[KCONFIGURE_POSIX_INIT_THREAD_ENTRY_POINT[m[K'
         { [01;36m[KC[m[KONFIGURE_POSIX_INIT_THREAD_ENTRY_POINT,
           [01;36m[K^[m[K
In file included from [01m[K/home/taste/projects/img_transfer_n2x/work/build/deploymentview_final/polyorb-hi-c/include/../src/config.c:58:0[m[K,
                 from [01m[K/home/taste/projects/img_transfer_n2x/work/build/deploymentview_final/polyorb-hi-c/include/po_hi_common.h:137[m[K,
                 from [01m[K/home/taste/projects/img_transfer_n2x/work/build/deploymentview_final/polyorb-hi-c/src/po_hi_main.c:20[m[K:
[01m[K/home/taste/projects/img_transfer_n2x/work/build/deploymentview_final/polyorb-hi-c/include/../src/config_leon3_drvmgr.c:120:6:[m[K [01;35m[Kwarning: [m[Kno previous prototype for '[01m[Ksystem_init2[m[K' [[01;35m[K-Wmissing-prototypes[m[K]
 void [01;35m[Ksystem_init2[m[K(void)
      [01;35m[K^~~~~~~~~~~~[m[K
In file included from [01m[K/home/taste/projects/img_transfer_n2x/work/build/deploymentview_final/polyorb-hi-c/include/po_hi_common.h:137:0[m[K,
                 from [01m[K/home/taste/projects/img_transfer_n2x/work/build/deploymentview_final/polyorb-hi-c/src/po_hi_main.c:20[m[K:
[01m[K/home/taste/projects/img_transfer_n2x/work/build/deploymentview_final/polyorb-hi-c/include/../src/config.c:104:6:[m[K [01;35m[Kwarning: [m[Kno previous prototype for '[01m[Ksystem_init[m[K' [[01;35m[K-Wmissing-prototypes[m[K]
 void [01;35m[Ksystem_init[m[K(void)
      [01;35m[K^~~~~~~~~~~[m[K
[01m[K/home/taste/projects/img_transfer_n2x/work/build/deploymentview_final/polyorb-hi-c/src/po_hi_main.c:[m[K In function '[01m[K__po_hi_initialize[m[K':
[01m[K/home/taste/projects/img_transfer_n2x/work/build/deploymentview_final/polyorb-hi-c/src/po_hi_main.c:478:15:[m[K [01;35m[Kwarning: [m[Knested extern declaration of '[01m[K__po_hi_main_initialize[m[K' [[01;35m[K-Wnested-externs[m[K]
   extern void [01;35m[K__po_hi_main_initialize[m[K(
               [01;35m[K^~~~~~~~~~~~~~~~~~~~~~~[m[K
