[01m[K/home/taste/projects/largedatataste/img_transfer_gr740_5spo_1unp/work/build/node1/gr740_partition/gr740_partition_polyorb_interface.c:[m[K In function '[01m[Kpro_receiver_a[m[K':
[01m[K/home/taste/projects/largedatataste/img_transfer_gr740_5spo_1unp/work/build/node1/gr740_partition/gr740_partition_polyorb_interface.c:127:51:[m[K [01;35m[Kwarning: [m[Knested extern declaration of '[01m[Kreceiver_protected[m[K' [[01;35m[K-Wnested-externs[m[K]
    extern process_package__taste_protected_object [01;35m[Kreceiver_protected[m[K;
                                                   [01;35m[K^~~~~~~~~~~~~~~~~~[m[K
[01m[K/home/taste/projects/largedatataste/img_transfer_gr740_5spo_1unp/work/build/node1/gr740_partition/gr740_partition_polyorb_interface.c:[m[K In function '[01m[Kpro_receiver_c[m[K':
[01m[K/home/taste/projects/largedatataste/img_transfer_gr740_5spo_1unp/work/build/node1/gr740_partition/gr740_partition_polyorb_interface.c:139:51:[m[K [01;35m[Kwarning: [m[Knested extern declaration of '[01m[Kreceiver_protected[m[K' [[01;35m[K-Wnested-externs[m[K]
    extern process_package__taste_protected_object [01;35m[Kreceiver_protected[m[K;
                                                   [01;35m[K^~~~~~~~~~~~~~~~~~[m[K
[01m[K/home/taste/projects/largedatataste/img_transfer_gr740_5spo_1unp/work/build/node1/gr740_partition/gr740_partition_polyorb_interface.c:[m[K In function '[01m[Kpro_receiver_image[m[K':
[01m[K/home/taste/projects/largedatataste/img_transfer_gr740_5spo_1unp/work/build/node1/gr740_partition/gr740_partition_polyorb_interface.c:151:51:[m[K [01;35m[Kwarning: [m[Knested extern declaration of '[01m[Kreceiver_protected[m[K' [[01;35m[K-Wnested-externs[m[K]
    extern process_package__taste_protected_object [01;35m[Kreceiver_protected[m[K;
                                                   [01;35m[K^~~~~~~~~~~~~~~~~~[m[K
[01m[K/home/taste/projects/largedatataste/img_transfer_gr740_5spo_1unp/work/build/node1/gr740_partition/gr740_partition_polyorb_interface.c:[m[K In function '[01m[Kpro_sender_b[m[K':
[01m[K/home/taste/projects/largedatataste/img_transfer_gr740_5spo_1unp/work/build/node1/gr740_partition/gr740_partition_polyorb_interface.c:448:51:[m[K [01;35m[Kwarning: [m[Knested extern declaration of '[01m[Ksender_protected[m[K' [[01;35m[K-Wnested-externs[m[K]
    extern process_package__taste_protected_object [01;35m[Ksender_protected[m[K;
                                                   [01;35m[K^~~~~~~~~~~~~~~~[m[K
[01m[K/home/taste/projects/largedatataste/img_transfer_gr740_5spo_1unp/work/build/node1/gr740_partition/gr740_partition_polyorb_interface.c:[m[K In function '[01m[Kpro_sender_testint[m[K':
[01m[K/home/taste/projects/largedatataste/img_transfer_gr740_5spo_1unp/work/build/node1/gr740_partition/gr740_partition_polyorb_interface.c:460:51:[m[K [01;35m[Kwarning: [m[Knested extern declaration of '[01m[Ksender_protected[m[K' [[01;35m[K-Wnested-externs[m[K]
    extern process_package__taste_protected_object [01;35m[Ksender_protected[m[K;
                                                   [01;35m[K^~~~~~~~~~~~~~~~[m[K
[01m[K/home/taste/projects/largedatataste/img_transfer_gr740_5spo_1unp/work/build/node1/gr740_partition/gr740_partition_polyorb_interface.c:[m[K In function '[01m[Kcall_receiver_a[m[K':
[01m[K/home/taste/projects/largedatataste/img_transfer_gr740_5spo_1unp/work/build/node1/gr740_partition/gr740_partition_polyorb_interface.c:475:52:[m[K [01;35m[Kwarning: [m[Knested extern declaration of '[01m[Kreceiver_protected[m[K' [[01;35m[K-Wnested-externs[m[K]
     extern process_package__taste_protected_object [01;35m[Kreceiver_protected[m[K;
                                                    [01;35m[K^~~~~~~~~~~~~~~~~~[m[K
[01m[K/home/taste/projects/largedatataste/img_transfer_gr740_5spo_1unp/work/build/node1/gr740_partition/gr740_partition_polyorb_interface.c:[m[K In function '[01m[Kcall_receiver_c[m[K':
[01m[K/home/taste/projects/largedatataste/img_transfer_gr740_5spo_1unp/work/build/node1/gr740_partition/gr740_partition_polyorb_interface.c:487:52:[m[K [01;35m[Kwarning: [m[Knested extern declaration of '[01m[Kreceiver_protected[m[K' [[01;35m[K-Wnested-externs[m[K]
     extern process_package__taste_protected_object [01;35m[Kreceiver_protected[m[K;
                                                    [01;35m[K^~~~~~~~~~~~~~~~~~[m[K
[01m[K/home/taste/projects/largedatataste/img_transfer_gr740_5spo_1unp/work/build/node1/gr740_partition/gr740_partition_polyorb_interface.c:[m[K In function '[01m[Kcall_receiver_image[m[K':
[01m[K/home/taste/projects/largedatataste/img_transfer_gr740_5spo_1unp/work/build/node1/gr740_partition/gr740_partition_polyorb_interface.c:499:52:[m[K [01;35m[Kwarning: [m[Knested extern declaration of '[01m[Kreceiver_protected[m[K' [[01;35m[K-Wnested-externs[m[K]
     extern process_package__taste_protected_object [01;35m[Kreceiver_protected[m[K;
                                                    [01;35m[K^~~~~~~~~~~~~~~~~~[m[K
[01m[K/home/taste/projects/largedatataste/img_transfer_gr740_5spo_1unp/work/build/node1/gr740_partition/gr740_partition_polyorb_interface.c:[m[K In function '[01m[Kcall_sender_b[m[K':
[01m[K/home/taste/projects/largedatataste/img_transfer_gr740_5spo_1unp/work/build/node1/gr740_partition/gr740_partition_polyorb_interface.c:511:52:[m[K [01;35m[Kwarning: [m[Knested extern declaration of '[01m[Ksender_protected[m[K' [[01;35m[K-Wnested-externs[m[K]
     extern process_package__taste_protected_object [01;35m[Ksender_protected[m[K;
                                                    [01;35m[K^~~~~~~~~~~~~~~~[m[K
[01m[K/home/taste/projects/largedatataste/img_transfer_gr740_5spo_1unp/work/build/node1/gr740_partition/gr740_partition_polyorb_interface.c:[m[K In function '[01m[Kcall_sender_testint[m[K':
[01m[K/home/taste/projects/largedatataste/img_transfer_gr740_5spo_1unp/work/build/node1/gr740_partition/gr740_partition_polyorb_interface.c:523:52:[m[K [01;35m[Kwarning: [m[Knested extern declaration of '[01m[Ksender_protected[m[K' [[01;35m[K-Wnested-externs[m[K]
     extern process_package__taste_protected_object [01;35m[Ksender_protected[m[K;
                                                    [01;35m[K^~~~~~~~~~~~~~~~[m[K
[01m[K/home/taste/projects/largedatataste/img_transfer_gr740_5spo_1unp/work/build/node1/gr740_partition/gr740_partition_polyorb_interface.c:[m[K In function '[01m[Kcall_sender_trigger[m[K':
[01m[K/home/taste/projects/largedatataste/img_transfer_gr740_5spo_1unp/work/build/node1/gr740_partition/gr740_partition_polyorb_interface.c:535:52:[m[K [01;35m[Kwarning: [m[Knested extern declaration of '[01m[Ksender_protected[m[K' [[01;35m[K-Wnested-externs[m[K]
     extern process_package__taste_protected_object [01;35m[Ksender_protected[m[K;
                                                    [01;35m[K^~~~~~~~~~~~~~~~[m[K
