[01m[K/home/taste/projects/largedatataste/img_transfer_gr740_4spo_24unp/work/receiver/C/wrappers/receiver_invoke_ri.c:[m[K In function '[01m[Kreceiver_RI_b[m[K':
[01m[K/home/taste/projects/largedatataste/img_transfer_gr740_4spo_24unp/work/receiver/C/wrappers/receiver_invoke_ri.c:34:16:[m[K [01;35m[Kwarning: [m[Knested extern declaration of '[01m[Kvm_receiver_b[m[K' [[01;35m[K-Wnested-externs[m[K]
    extern void [01;35m[Kvm_receiver_b[m[K
                [01;35m[K^~~~~~~~~~~~~[m[K
[01m[K/home/taste/projects/largedatataste/img_transfer_gr740_4spo_24unp/work/receiver/C/wrappers/receiver_invoke_ri.c:[m[K In function '[01m[Kreceiver_RI_d[m[K':
[01m[K/home/taste/projects/largedatataste/img_transfer_gr740_4spo_24unp/work/receiver/C/wrappers/receiver_invoke_ri.c:62:16:[m[K [01;35m[Kwarning: [m[Knested extern declaration of '[01m[Kvm_receiver_d[m[K' [[01;35m[K-Wnested-externs[m[K]
    extern void [01;35m[Kvm_receiver_d[m[K
                [01;35m[K^~~~~~~~~~~~~[m[K
[01m[K/home/taste/projects/largedatataste/img_transfer_gr740_4spo_24unp/work/receiver/C/wrappers/receiver_invoke_ri.c:[m[K In function '[01m[Kreceiver_RI_f[m[K':
[01m[K/home/taste/projects/largedatataste/img_transfer_gr740_4spo_24unp/work/receiver/C/wrappers/receiver_invoke_ri.c:90:16:[m[K [01;35m[Kwarning: [m[Knested extern declaration of '[01m[Kvm_receiver_f[m[K' [[01;35m[K-Wnested-externs[m[K]
    extern void [01;35m[Kvm_receiver_f[m[K
                [01;35m[K^~~~~~~~~~~~~[m[K
[01m[K/home/taste/projects/largedatataste/img_transfer_gr740_4spo_24unp/work/receiver/C/wrappers/receiver_invoke_ri.c:[m[K In function '[01m[Kreceiver_RI_h[m[K':
[01m[K/home/taste/projects/largedatataste/img_transfer_gr740_4spo_24unp/work/receiver/C/wrappers/receiver_invoke_ri.c:118:16:[m[K [01;35m[Kwarning: [m[Knested extern declaration of '[01m[Kvm_receiver_h[m[K' [[01;35m[K-Wnested-externs[m[K]
    extern void [01;35m[Kvm_receiver_h[m[K
                [01;35m[K^~~~~~~~~~~~~[m[K
[01m[K/home/taste/projects/largedatataste/img_transfer_gr740_4spo_24unp/work/receiver/C/wrappers/receiver_invoke_ri.c:[m[K In function '[01m[Kreceiver_RI_j[m[K':
[01m[K/home/taste/projects/largedatataste/img_transfer_gr740_4spo_24unp/work/receiver/C/wrappers/receiver_invoke_ri.c:146:16:[m[K [01;35m[Kwarning: [m[Knested extern declaration of '[01m[Kvm_receiver_j[m[K' [[01;35m[K-Wnested-externs[m[K]
    extern void [01;35m[Kvm_receiver_j[m[K
                [01;35m[K^~~~~~~~~~~~~[m[K
[01m[K/home/taste/projects/largedatataste/img_transfer_gr740_4spo_24unp/work/receiver/C/wrappers/receiver_invoke_ri.c:[m[K In function '[01m[Kreceiver_RI_l[m[K':
[01m[K/home/taste/projects/largedatataste/img_transfer_gr740_4spo_24unp/work/receiver/C/wrappers/receiver_invoke_ri.c:174:16:[m[K [01;35m[Kwarning: [m[Knested extern declaration of '[01m[Kvm_receiver_l[m[K' [[01;35m[K-Wnested-externs[m[K]
    extern void [01;35m[Kvm_receiver_l[m[K
                [01;35m[K^~~~~~~~~~~~~[m[K
[01m[K/home/taste/projects/largedatataste/img_transfer_gr740_4spo_24unp/work/receiver/C/wrappers/receiver_invoke_ri.c:[m[K In function '[01m[Kreceiver_RI_n[m[K':
[01m[K/home/taste/projects/largedatataste/img_transfer_gr740_4spo_24unp/work/receiver/C/wrappers/receiver_invoke_ri.c:202:16:[m[K [01;35m[Kwarning: [m[Knested extern declaration of '[01m[Kvm_receiver_n[m[K' [[01;35m[K-Wnested-externs[m[K]
    extern void [01;35m[Kvm_receiver_n[m[K
                [01;35m[K^~~~~~~~~~~~~[m[K
[01m[K/home/taste/projects/largedatataste/img_transfer_gr740_4spo_24unp/work/receiver/C/wrappers/receiver_invoke_ri.c:[m[K In function '[01m[Kreceiver_RI_p[m[K':
[01m[K/home/taste/projects/largedatataste/img_transfer_gr740_4spo_24unp/work/receiver/C/wrappers/receiver_invoke_ri.c:230:16:[m[K [01;35m[Kwarning: [m[Knested extern declaration of '[01m[Kvm_receiver_p[m[K' [[01;35m[K-Wnested-externs[m[K]
    extern void [01;35m[Kvm_receiver_p[m[K
                [01;35m[K^~~~~~~~~~~~~[m[K
[01m[K/home/taste/projects/largedatataste/img_transfer_gr740_4spo_24unp/work/receiver/C/wrappers/receiver_invoke_ri.c:[m[K In function '[01m[Kreceiver_RI_r[m[K':
[01m[K/home/taste/projects/largedatataste/img_transfer_gr740_4spo_24unp/work/receiver/C/wrappers/receiver_invoke_ri.c:258:16:[m[K [01;35m[Kwarning: [m[Knested extern declaration of '[01m[Kvm_receiver_r[m[K' [[01;35m[K-Wnested-externs[m[K]
    extern void [01;35m[Kvm_receiver_r[m[K
                [01;35m[K^~~~~~~~~~~~~[m[K
[01m[K/home/taste/projects/largedatataste/img_transfer_gr740_4spo_24unp/work/receiver/C/wrappers/receiver_invoke_ri.c:[m[K In function '[01m[Kreceiver_RI_t[m[K':
[01m[K/home/taste/projects/largedatataste/img_transfer_gr740_4spo_24unp/work/receiver/C/wrappers/receiver_invoke_ri.c:286:16:[m[K [01;35m[Kwarning: [m[Knested extern declaration of '[01m[Kvm_receiver_t[m[K' [[01;35m[K-Wnested-externs[m[K]
    extern void [01;35m[Kvm_receiver_t[m[K
                [01;35m[K^~~~~~~~~~~~~[m[K
[01m[K/home/taste/projects/largedatataste/img_transfer_gr740_4spo_24unp/work/receiver/C/wrappers/receiver_invoke_ri.c:[m[K In function '[01m[Kreceiver_RI_testint[m[K':
[01m[K/home/taste/projects/largedatataste/img_transfer_gr740_4spo_24unp/work/receiver/C/wrappers/receiver_invoke_ri.c:314:16:[m[K [01;35m[Kwarning: [m[Knested extern declaration of '[01m[Kvm_receiver_testint[m[K' [[01;35m[K-Wnested-externs[m[K]
    extern void [01;35m[Kvm_receiver_testint[m[K
                [01;35m[K^~~~~~~~~~~~~~~~~~~[m[K
[01m[K/home/taste/projects/largedatataste/img_transfer_gr740_4spo_24unp/work/receiver/C/wrappers/receiver_invoke_ri.c:[m[K In function '[01m[Kreceiver_RI_v[m[K':
[01m[K/home/taste/projects/largedatataste/img_transfer_gr740_4spo_24unp/work/receiver/C/wrappers/receiver_invoke_ri.c:342:16:[m[K [01;35m[Kwarning: [m[Knested extern declaration of '[01m[Kvm_receiver_v[m[K' [[01;35m[K-Wnested-externs[m[K]
    extern void [01;35m[Kvm_receiver_v[m[K
                [01;35m[K^~~~~~~~~~~~~[m[K
[01m[K/home/taste/projects/largedatataste/img_transfer_gr740_4spo_24unp/work/receiver/C/wrappers/receiver_invoke_ri.c:[m[K In function '[01m[Kreceiver_RI_x[m[K':
[01m[K/home/taste/projects/largedatataste/img_transfer_gr740_4spo_24unp/work/receiver/C/wrappers/receiver_invoke_ri.c:370:16:[m[K [01;35m[Kwarning: [m[Knested extern declaration of '[01m[Kvm_receiver_x[m[K' [[01;35m[K-Wnested-externs[m[K]
    extern void [01;35m[Kvm_receiver_x[m[K
                [01;35m[K^~~~~~~~~~~~~[m[K
[01m[K/home/taste/projects/largedatataste/img_transfer_gr740_4spo_24unp/work/receiver/C/wrappers/receiver_invoke_ri.c:[m[K In function '[01m[Kreceiver_RI_z[m[K':
[01m[K/home/taste/projects/largedatataste/img_transfer_gr740_4spo_24unp/work/receiver/C/wrappers/receiver_invoke_ri.c:398:16:[m[K [01;35m[Kwarning: [m[Knested extern declaration of '[01m[Kvm_receiver_z[m[K' [[01;35m[K-Wnested-externs[m[K]
    extern void [01;35m[Kvm_receiver_z[m[K
                [01;35m[K^~~~~~~~~~~~~[m[K
