[01m[K/home/taste/projects/largedatataste/img_transfer_gr740_4spo_24unp/work/receiver/C/wrappers/receiver_vm_if.c:[m[K In function '[01m[Kinit_receiver[m[K':
[01m[K/home/taste/projects/largedatataste/img_transfer_gr740_4spo_24unp/work/receiver/C/wrappers/receiver_vm_if.c:49:19:[m[K [01;35m[Kwarning: [m[Knested extern declaration of '[01m[Kreceiver_startup[m[K' [[01;35m[K-Wnested-externs[m[K]
       extern void [01;35m[Kreceiver_startup[m[K(void);
                   [01;35m[K^~~~~~~~~~~~~~~~[m[K
[01m[K/home/taste/projects/largedatataste/img_transfer_gr740_4spo_24unp/work/receiver/C/wrappers/receiver_vm_if.c:[m[K In function '[01m[Kreceiver_a[m[K':
[01m[K/home/taste/projects/largedatataste/img_transfer_gr740_4spo_24unp/work/receiver/C/wrappers/receiver_vm_if.c:112:16:[m[K [01;35m[Kwarning: [m[Knested extern declaration of '[01m[Kreceiver_PI_a[m[K' [[01;35m[K-Wnested-externs[m[K]
    extern void [01;35m[Kreceiver_PI_a[m[K
                [01;35m[K^~~~~~~~~~~~~[m[K
[01m[K/home/taste/projects/largedatataste/img_transfer_gr740_4spo_24unp/work/receiver/C/wrappers/receiver_vm_if.c:119:19:[m[K [01;35m[Kwarning: [m[Kcast increases required alignment of target type [[01;35m[K-Wcast-align[m[K]
    receiver_PI_a ([01;35m[K([m[Kasn1SccMyInteger *)IN_vara);
                   [01;35m[K^[m[K
[01m[K/home/taste/projects/largedatataste/img_transfer_gr740_4spo_24unp/work/receiver/C/wrappers/receiver_vm_if.c:96:36:[m[K [01;35m[Kwarning: [m[Kunused parameter '[01m[KIN_vara_len[m[K' [[01;35m[K-Wunused-parameter[m[K]
       (const char *IN_vara, size_t [01;35m[KIN_vara_len[m[K)
                                    [01;35m[K^~~~~~~~~~~[m[K
[01m[K/home/taste/projects/largedatataste/img_transfer_gr740_4spo_24unp/work/receiver/C/wrappers/receiver_vm_if.c:[m[K In function '[01m[Kreceiver_c[m[K':
[01m[K/home/taste/projects/largedatataste/img_transfer_gr740_4spo_24unp/work/receiver/C/wrappers/receiver_vm_if.c:139:16:[m[K [01;35m[Kwarning: [m[Knested extern declaration of '[01m[Kreceiver_PI_c[m[K' [[01;35m[K-Wnested-externs[m[K]
    extern void [01;35m[Kreceiver_PI_c[m[K
                [01;35m[K^~~~~~~~~~~~~[m[K
[01m[K/home/taste/projects/largedatataste/img_transfer_gr740_4spo_24unp/work/receiver/C/wrappers/receiver_vm_if.c:146:19:[m[K [01;35m[Kwarning: [m[Kcast increases required alignment of target type [[01;35m[K-Wcast-align[m[K]
    receiver_PI_c ([01;35m[K([m[Kasn1SccMyInteger *)IN_varc);
                   [01;35m[K^[m[K
[01m[K/home/taste/projects/largedatataste/img_transfer_gr740_4spo_24unp/work/receiver/C/wrappers/receiver_vm_if.c:123:36:[m[K [01;35m[Kwarning: [m[Kunused parameter '[01m[KIN_varc_len[m[K' [[01;35m[K-Wunused-parameter[m[K]
       (const char *IN_varc, size_t [01;35m[KIN_varc_len[m[K)
                                    [01;35m[K^~~~~~~~~~~[m[K
[01m[K/home/taste/projects/largedatataste/img_transfer_gr740_4spo_24unp/work/receiver/C/wrappers/receiver_vm_if.c:[m[K In function '[01m[Kreceiver_e[m[K':
[01m[K/home/taste/projects/largedatataste/img_transfer_gr740_4spo_24unp/work/receiver/C/wrappers/receiver_vm_if.c:166:16:[m[K [01;35m[Kwarning: [m[Knested extern declaration of '[01m[Kreceiver_PI_e[m[K' [[01;35m[K-Wnested-externs[m[K]
    extern void [01;35m[Kreceiver_PI_e[m[K
                [01;35m[K^~~~~~~~~~~~~[m[K
[01m[K/home/taste/projects/largedatataste/img_transfer_gr740_4spo_24unp/work/receiver/C/wrappers/receiver_vm_if.c:173:19:[m[K [01;35m[Kwarning: [m[Kcast increases required alignment of target type [[01;35m[K-Wcast-align[m[K]
    receiver_PI_e ([01;35m[K([m[Kasn1SccMyInteger *)IN_vare);
                   [01;35m[K^[m[K
[01m[K/home/taste/projects/largedatataste/img_transfer_gr740_4spo_24unp/work/receiver/C/wrappers/receiver_vm_if.c:150:36:[m[K [01;35m[Kwarning: [m[Kunused parameter '[01m[KIN_vare_len[m[K' [[01;35m[K-Wunused-parameter[m[K]
       (const char *IN_vare, size_t [01;35m[KIN_vare_len[m[K)
                                    [01;35m[K^~~~~~~~~~~[m[K
[01m[K/home/taste/projects/largedatataste/img_transfer_gr740_4spo_24unp/work/receiver/C/wrappers/receiver_vm_if.c:[m[K In function '[01m[Kreceiver_g[m[K':
[01m[K/home/taste/projects/largedatataste/img_transfer_gr740_4spo_24unp/work/receiver/C/wrappers/receiver_vm_if.c:193:16:[m[K [01;35m[Kwarning: [m[Knested extern declaration of '[01m[Kreceiver_PI_g[m[K' [[01;35m[K-Wnested-externs[m[K]
    extern void [01;35m[Kreceiver_PI_g[m[K
                [01;35m[K^~~~~~~~~~~~~[m[K
[01m[K/home/taste/projects/largedatataste/img_transfer_gr740_4spo_24unp/work/receiver/C/wrappers/receiver_vm_if.c:200:19:[m[K [01;35m[Kwarning: [m[Kcast increases required alignment of target type [[01;35m[K-Wcast-align[m[K]
    receiver_PI_g ([01;35m[K([m[Kasn1SccMyInteger *)IN_varg);
                   [01;35m[K^[m[K
[01m[K/home/taste/projects/largedatataste/img_transfer_gr740_4spo_24unp/work/receiver/C/wrappers/receiver_vm_if.c:177:36:[m[K [01;35m[Kwarning: [m[Kunused parameter '[01m[KIN_varg_len[m[K' [[01;35m[K-Wunused-parameter[m[K]
       (const char *IN_varg, size_t [01;35m[KIN_varg_len[m[K)
                                    [01;35m[K^~~~~~~~~~~[m[K
[01m[K/home/taste/projects/largedatataste/img_transfer_gr740_4spo_24unp/work/receiver/C/wrappers/receiver_vm_if.c:[m[K In function '[01m[Kreceiver_i[m[K':
[01m[K/home/taste/projects/largedatataste/img_transfer_gr740_4spo_24unp/work/receiver/C/wrappers/receiver_vm_if.c:220:16:[m[K [01;35m[Kwarning: [m[Knested extern declaration of '[01m[Kreceiver_PI_i[m[K' [[01;35m[K-Wnested-externs[m[K]
    extern void [01;35m[Kreceiver_PI_i[m[K
                [01;35m[K^~~~~~~~~~~~~[m[K
[01m[K/home/taste/projects/largedatataste/img_transfer_gr740_4spo_24unp/work/receiver/C/wrappers/receiver_vm_if.c:227:19:[m[K [01;35m[Kwarning: [m[Kcast increases required alignment of target type [[01;35m[K-Wcast-align[m[K]
    receiver_PI_i ([01;35m[K([m[Kasn1SccMyInteger *)IN_vari);
                   [01;35m[K^[m[K
[01m[K/home/taste/projects/largedatataste/img_transfer_gr740_4spo_24unp/work/receiver/C/wrappers/receiver_vm_if.c:204:36:[m[K [01;35m[Kwarning: [m[Kunused parameter '[01m[KIN_vari_len[m[K' [[01;35m[K-Wunused-parameter[m[K]
       (const char *IN_vari, size_t [01;35m[KIN_vari_len[m[K)
                                    [01;35m[K^~~~~~~~~~~[m[K
[01m[K/home/taste/projects/largedatataste/img_transfer_gr740_4spo_24unp/work/receiver/C/wrappers/receiver_vm_if.c:[m[K In function '[01m[Kreceiver_image[m[K':
[01m[K/home/taste/projects/largedatataste/img_transfer_gr740_4spo_24unp/work/receiver/C/wrappers/receiver_vm_if.c:247:16:[m[K [01;35m[Kwarning: [m[Knested extern declaration of '[01m[Kreceiver_PI_image[m[K' [[01;35m[K-Wnested-externs[m[K]
    extern void [01;35m[Kreceiver_PI_image[m[K
                [01;35m[K^~~~~~~~~~~~~~~~~[m[K
[01m[K/home/taste/projects/largedatataste/img_transfer_gr740_4spo_24unp/work/receiver/C/wrappers/receiver_vm_if.c:231:40:[m[K [01;35m[Kwarning: [m[Kunused parameter '[01m[KIN_img_data_len[m[K' [[01;35m[K-Wunused-parameter[m[K]
       (const char *IN_img_data, size_t [01;35m[KIN_img_data_len[m[K)
                                        [01;35m[K^~~~~~~~~~~~~~~[m[K
[01m[K/home/taste/projects/largedatataste/img_transfer_gr740_4spo_24unp/work/receiver/C/wrappers/receiver_vm_if.c:[m[K In function '[01m[Kreceiver_k[m[K':
[01m[K/home/taste/projects/largedatataste/img_transfer_gr740_4spo_24unp/work/receiver/C/wrappers/receiver_vm_if.c:274:16:[m[K [01;35m[Kwarning: [m[Knested extern declaration of '[01m[Kreceiver_PI_k[m[K' [[01;35m[K-Wnested-externs[m[K]
    extern void [01;35m[Kreceiver_PI_k[m[K
                [01;35m[K^~~~~~~~~~~~~[m[K
[01m[K/home/taste/projects/largedatataste/img_transfer_gr740_4spo_24unp/work/receiver/C/wrappers/receiver_vm_if.c:281:19:[m[K [01;35m[Kwarning: [m[Kcast increases required alignment of target type [[01;35m[K-Wcast-align[m[K]
    receiver_PI_k ([01;35m[K([m[Kasn1SccMyInteger *)IN_vark);
                   [01;35m[K^[m[K
[01m[K/home/taste/projects/largedatataste/img_transfer_gr740_4spo_24unp/work/receiver/C/wrappers/receiver_vm_if.c:258:36:[m[K [01;35m[Kwarning: [m[Kunused parameter '[01m[KIN_vark_len[m[K' [[01;35m[K-Wunused-parameter[m[K]
       (const char *IN_vark, size_t [01;35m[KIN_vark_len[m[K)
                                    [01;35m[K^~~~~~~~~~~[m[K
[01m[K/home/taste/projects/largedatataste/img_transfer_gr740_4spo_24unp/work/receiver/C/wrappers/receiver_vm_if.c:[m[K In function '[01m[Kreceiver_m[m[K':
[01m[K/home/taste/projects/largedatataste/img_transfer_gr740_4spo_24unp/work/receiver/C/wrappers/receiver_vm_if.c:301:16:[m[K [01;35m[Kwarning: [m[Knested extern declaration of '[01m[Kreceiver_PI_m[m[K' [[01;35m[K-Wnested-externs[m[K]
    extern void [01;35m[Kreceiver_PI_m[m[K
                [01;35m[K^~~~~~~~~~~~~[m[K
[01m[K/home/taste/projects/largedatataste/img_transfer_gr740_4spo_24unp/work/receiver/C/wrappers/receiver_vm_if.c:308:19:[m[K [01;35m[Kwarning: [m[Kcast increases required alignment of target type [[01;35m[K-Wcast-align[m[K]
    receiver_PI_m ([01;35m[K([m[Kasn1SccMyInteger *)IN_varm);
                   [01;35m[K^[m[K
[01m[K/home/taste/projects/largedatataste/img_transfer_gr740_4spo_24unp/work/receiver/C/wrappers/receiver_vm_if.c:285:36:[m[K [01;35m[Kwarning: [m[Kunused parameter '[01m[KIN_varm_len[m[K' [[01;35m[K-Wunused-parameter[m[K]
       (const char *IN_varm, size_t [01;35m[KIN_varm_len[m[K)
                                    [01;35m[K^~~~~~~~~~~[m[K
[01m[K/home/taste/projects/largedatataste/img_transfer_gr740_4spo_24unp/work/receiver/C/wrappers/receiver_vm_if.c:[m[K In function '[01m[Kreceiver_o[m[K':
[01m[K/home/taste/projects/largedatataste/img_transfer_gr740_4spo_24unp/work/receiver/C/wrappers/receiver_vm_if.c:328:16:[m[K [01;35m[Kwarning: [m[Knested extern declaration of '[01m[Kreceiver_PI_o[m[K' [[01;35m[K-Wnested-externs[m[K]
    extern void [01;35m[Kreceiver_PI_o[m[K
                [01;35m[K^~~~~~~~~~~~~[m[K
[01m[K/home/taste/projects/largedatataste/img_transfer_gr740_4spo_24unp/work/receiver/C/wrappers/receiver_vm_if.c:335:19:[m[K [01;35m[Kwarning: [m[Kcast increases required alignment of target type [[01;35m[K-Wcast-align[m[K]
    receiver_PI_o ([01;35m[K([m[Kasn1SccMyInteger *)IN_varo);
                   [01;35m[K^[m[K
[01m[K/home/taste/projects/largedatataste/img_transfer_gr740_4spo_24unp/work/receiver/C/wrappers/receiver_vm_if.c:312:36:[m[K [01;35m[Kwarning: [m[Kunused parameter '[01m[KIN_varo_len[m[K' [[01;35m[K-Wunused-parameter[m[K]
       (const char *IN_varo, size_t [01;35m[KIN_varo_len[m[K)
                                    [01;35m[K^~~~~~~~~~~[m[K
[01m[K/home/taste/projects/largedatataste/img_transfer_gr740_4spo_24unp/work/receiver/C/wrappers/receiver_vm_if.c:[m[K In function '[01m[Kreceiver_q[m[K':
[01m[K/home/taste/projects/largedatataste/img_transfer_gr740_4spo_24unp/work/receiver/C/wrappers/receiver_vm_if.c:355:16:[m[K [01;35m[Kwarning: [m[Knested extern declaration of '[01m[Kreceiver_PI_q[m[K' [[01;35m[K-Wnested-externs[m[K]
    extern void [01;35m[Kreceiver_PI_q[m[K
                [01;35m[K^~~~~~~~~~~~~[m[K
[01m[K/home/taste/projects/largedatataste/img_transfer_gr740_4spo_24unp/work/receiver/C/wrappers/receiver_vm_if.c:362:19:[m[K [01;35m[Kwarning: [m[Kcast increases required alignment of target type [[01;35m[K-Wcast-align[m[K]
    receiver_PI_q ([01;35m[K([m[Kasn1SccMyInteger *)IN_varq);
                   [01;35m[K^[m[K
[01m[K/home/taste/projects/largedatataste/img_transfer_gr740_4spo_24unp/work/receiver/C/wrappers/receiver_vm_if.c:339:36:[m[K [01;35m[Kwarning: [m[Kunused parameter '[01m[KIN_varq_len[m[K' [[01;35m[K-Wunused-parameter[m[K]
       (const char *IN_varq, size_t [01;35m[KIN_varq_len[m[K)
                                    [01;35m[K^~~~~~~~~~~[m[K
[01m[K/home/taste/projects/largedatataste/img_transfer_gr740_4spo_24unp/work/receiver/C/wrappers/receiver_vm_if.c:[m[K In function '[01m[Kreceiver_s[m[K':
[01m[K/home/taste/projects/largedatataste/img_transfer_gr740_4spo_24unp/work/receiver/C/wrappers/receiver_vm_if.c:382:16:[m[K [01;35m[Kwarning: [m[Knested extern declaration of '[01m[Kreceiver_PI_s[m[K' [[01;35m[K-Wnested-externs[m[K]
    extern void [01;35m[Kreceiver_PI_s[m[K
                [01;35m[K^~~~~~~~~~~~~[m[K
[01m[K/home/taste/projects/largedatataste/img_transfer_gr740_4spo_24unp/work/receiver/C/wrappers/receiver_vm_if.c:389:19:[m[K [01;35m[Kwarning: [m[Kcast increases required alignment of target type [[01;35m[K-Wcast-align[m[K]
    receiver_PI_s ([01;35m[K([m[Kasn1SccMyInteger *)IN_vars);
                   [01;35m[K^[m[K
[01m[K/home/taste/projects/largedatataste/img_transfer_gr740_4spo_24unp/work/receiver/C/wrappers/receiver_vm_if.c:366:36:[m[K [01;35m[Kwarning: [m[Kunused parameter '[01m[KIN_vars_len[m[K' [[01;35m[K-Wunused-parameter[m[K]
       (const char *IN_vars, size_t [01;35m[KIN_vars_len[m[K)
                                    [01;35m[K^~~~~~~~~~~[m[K
[01m[K/home/taste/projects/largedatataste/img_transfer_gr740_4spo_24unp/work/receiver/C/wrappers/receiver_vm_if.c:[m[K In function '[01m[Kreceiver_u[m[K':
[01m[K/home/taste/projects/largedatataste/img_transfer_gr740_4spo_24unp/work/receiver/C/wrappers/receiver_vm_if.c:409:16:[m[K [01;35m[Kwarning: [m[Knested extern declaration of '[01m[Kreceiver_PI_u[m[K' [[01;35m[K-Wnested-externs[m[K]
    extern void [01;35m[Kreceiver_PI_u[m[K
                [01;35m[K^~~~~~~~~~~~~[m[K
[01m[K/home/taste/projects/largedatataste/img_transfer_gr740_4spo_24unp/work/receiver/C/wrappers/receiver_vm_if.c:416:19:[m[K [01;35m[Kwarning: [m[Kcast increases required alignment of target type [[01;35m[K-Wcast-align[m[K]
    receiver_PI_u ([01;35m[K([m[Kasn1SccMyInteger *)IN_varu);
                   [01;35m[K^[m[K
[01m[K/home/taste/projects/largedatataste/img_transfer_gr740_4spo_24unp/work/receiver/C/wrappers/receiver_vm_if.c:393:36:[m[K [01;35m[Kwarning: [m[Kunused parameter '[01m[KIN_varu_len[m[K' [[01;35m[K-Wunused-parameter[m[K]
       (const char *IN_varu, size_t [01;35m[KIN_varu_len[m[K)
                                    [01;35m[K^~~~~~~~~~~[m[K
[01m[K/home/taste/projects/largedatataste/img_transfer_gr740_4spo_24unp/work/receiver/C/wrappers/receiver_vm_if.c:[m[K In function '[01m[Kreceiver_w[m[K':
[01m[K/home/taste/projects/largedatataste/img_transfer_gr740_4spo_24unp/work/receiver/C/wrappers/receiver_vm_if.c:436:16:[m[K [01;35m[Kwarning: [m[Knested extern declaration of '[01m[Kreceiver_PI_w[m[K' [[01;35m[K-Wnested-externs[m[K]
    extern void [01;35m[Kreceiver_PI_w[m[K
                [01;35m[K^~~~~~~~~~~~~[m[K
[01m[K/home/taste/projects/largedatataste/img_transfer_gr740_4spo_24unp/work/receiver/C/wrappers/receiver_vm_if.c:443:19:[m[K [01;35m[Kwarning: [m[Kcast increases required alignment of target type [[01;35m[K-Wcast-align[m[K]
    receiver_PI_w ([01;35m[K([m[Kasn1SccMyInteger *)IN_varw);
                   [01;35m[K^[m[K
[01m[K/home/taste/projects/largedatataste/img_transfer_gr740_4spo_24unp/work/receiver/C/wrappers/receiver_vm_if.c:420:36:[m[K [01;35m[Kwarning: [m[Kunused parameter '[01m[KIN_varw_len[m[K' [[01;35m[K-Wunused-parameter[m[K]
       (const char *IN_varw, size_t [01;35m[KIN_varw_len[m[K)
                                    [01;35m[K^~~~~~~~~~~[m[K
[01m[K/home/taste/projects/largedatataste/img_transfer_gr740_4spo_24unp/work/receiver/C/wrappers/receiver_vm_if.c:[m[K In function '[01m[Kreceiver_y[m[K':
[01m[K/home/taste/projects/largedatataste/img_transfer_gr740_4spo_24unp/work/receiver/C/wrappers/receiver_vm_if.c:463:16:[m[K [01;35m[Kwarning: [m[Knested extern declaration of '[01m[Kreceiver_PI_y[m[K' [[01;35m[K-Wnested-externs[m[K]
    extern void [01;35m[Kreceiver_PI_y[m[K
                [01;35m[K^~~~~~~~~~~~~[m[K
[01m[K/home/taste/projects/largedatataste/img_transfer_gr740_4spo_24unp/work/receiver/C/wrappers/receiver_vm_if.c:470:19:[m[K [01;35m[Kwarning: [m[Kcast increases required alignment of target type [[01;35m[K-Wcast-align[m[K]
    receiver_PI_y ([01;35m[K([m[Kasn1SccMyInteger *)IN_vary);
                   [01;35m[K^[m[K
[01m[K/home/taste/projects/largedatataste/img_transfer_gr740_4spo_24unp/work/receiver/C/wrappers/receiver_vm_if.c:447:36:[m[K [01;35m[Kwarning: [m[Kunused parameter '[01m[KIN_vary_len[m[K' [[01;35m[K-Wunused-parameter[m[K]
       (const char *IN_vary, size_t [01;35m[KIN_vary_len[m[K)
                                    [01;35m[K^~~~~~~~~~~[m[K
