[01m[K/home/taste/projects/largedatataste/img_transfer_gr740_4spo_24unp/work/sender/C/wrappers/sender_vm_if.c:[m[K In function '[01m[Kinit_sender[m[K':
[01m[K/home/taste/projects/largedatataste/img_transfer_gr740_4spo_24unp/work/sender/C/wrappers/sender_vm_if.c:49:19:[m[K [01;35m[Kwarning: [m[Knested extern declaration of '[01m[Ksender_startup[m[K' [[01;35m[K-Wnested-externs[m[K]
       extern void [01;35m[Ksender_startup[m[K(void);
                   [01;35m[K^~~~~~~~~~~~~~[m[K
[01m[K/home/taste/projects/largedatataste/img_transfer_gr740_4spo_24unp/work/sender/C/wrappers/sender_vm_if.c:[m[K In function '[01m[Ksender_b[m[K':
[01m[K/home/taste/projects/largedatataste/img_transfer_gr740_4spo_24unp/work/sender/C/wrappers/sender_vm_if.c:112:16:[m[K [01;35m[Kwarning: [m[Knested extern declaration of '[01m[Ksender_PI_b[m[K' [[01;35m[K-Wnested-externs[m[K]
    extern void [01;35m[Ksender_PI_b[m[K
                [01;35m[K^~~~~~~~~~~[m[K
[01m[K/home/taste/projects/largedatataste/img_transfer_gr740_4spo_24unp/work/sender/C/wrappers/sender_vm_if.c:119:17:[m[K [01;35m[Kwarning: [m[Kcast increases required alignment of target type [[01;35m[K-Wcast-align[m[K]
    sender_PI_b ([01;35m[K([m[Kasn1SccMyInteger *)IN_varb);
                 [01;35m[K^[m[K
[01m[K/home/taste/projects/largedatataste/img_transfer_gr740_4spo_24unp/work/sender/C/wrappers/sender_vm_if.c:96:36:[m[K [01;35m[Kwarning: [m[Kunused parameter '[01m[KIN_varb_len[m[K' [[01;35m[K-Wunused-parameter[m[K]
       (const char *IN_varb, size_t [01;35m[KIN_varb_len[m[K)
                                    [01;35m[K^~~~~~~~~~~[m[K
[01m[K/home/taste/projects/largedatataste/img_transfer_gr740_4spo_24unp/work/sender/C/wrappers/sender_vm_if.c:[m[K In function '[01m[Ksender_d[m[K':
[01m[K/home/taste/projects/largedatataste/img_transfer_gr740_4spo_24unp/work/sender/C/wrappers/sender_vm_if.c:139:16:[m[K [01;35m[Kwarning: [m[Knested extern declaration of '[01m[Ksender_PI_d[m[K' [[01;35m[K-Wnested-externs[m[K]
    extern void [01;35m[Ksender_PI_d[m[K
                [01;35m[K^~~~~~~~~~~[m[K
[01m[K/home/taste/projects/largedatataste/img_transfer_gr740_4spo_24unp/work/sender/C/wrappers/sender_vm_if.c:146:17:[m[K [01;35m[Kwarning: [m[Kcast increases required alignment of target type [[01;35m[K-Wcast-align[m[K]
    sender_PI_d ([01;35m[K([m[Kasn1SccMyInteger *)IN_vard);
                 [01;35m[K^[m[K
[01m[K/home/taste/projects/largedatataste/img_transfer_gr740_4spo_24unp/work/sender/C/wrappers/sender_vm_if.c:123:36:[m[K [01;35m[Kwarning: [m[Kunused parameter '[01m[KIN_vard_len[m[K' [[01;35m[K-Wunused-parameter[m[K]
       (const char *IN_vard, size_t [01;35m[KIN_vard_len[m[K)
                                    [01;35m[K^~~~~~~~~~~[m[K
[01m[K/home/taste/projects/largedatataste/img_transfer_gr740_4spo_24unp/work/sender/C/wrappers/sender_vm_if.c:[m[K In function '[01m[Ksender_f[m[K':
[01m[K/home/taste/projects/largedatataste/img_transfer_gr740_4spo_24unp/work/sender/C/wrappers/sender_vm_if.c:166:16:[m[K [01;35m[Kwarning: [m[Knested extern declaration of '[01m[Ksender_PI_f[m[K' [[01;35m[K-Wnested-externs[m[K]
    extern void [01;35m[Ksender_PI_f[m[K
                [01;35m[K^~~~~~~~~~~[m[K
[01m[K/home/taste/projects/largedatataste/img_transfer_gr740_4spo_24unp/work/sender/C/wrappers/sender_vm_if.c:173:17:[m[K [01;35m[Kwarning: [m[Kcast increases required alignment of target type [[01;35m[K-Wcast-align[m[K]
    sender_PI_f ([01;35m[K([m[Kasn1SccMyInteger *)IN_varf);
                 [01;35m[K^[m[K
[01m[K/home/taste/projects/largedatataste/img_transfer_gr740_4spo_24unp/work/sender/C/wrappers/sender_vm_if.c:150:36:[m[K [01;35m[Kwarning: [m[Kunused parameter '[01m[KIN_varf_len[m[K' [[01;35m[K-Wunused-parameter[m[K]
       (const char *IN_varf, size_t [01;35m[KIN_varf_len[m[K)
                                    [01;35m[K^~~~~~~~~~~[m[K
[01m[K/home/taste/projects/largedatataste/img_transfer_gr740_4spo_24unp/work/sender/C/wrappers/sender_vm_if.c:[m[K In function '[01m[Ksender_h[m[K':
[01m[K/home/taste/projects/largedatataste/img_transfer_gr740_4spo_24unp/work/sender/C/wrappers/sender_vm_if.c:193:16:[m[K [01;35m[Kwarning: [m[Knested extern declaration of '[01m[Ksender_PI_h[m[K' [[01;35m[K-Wnested-externs[m[K]
    extern void [01;35m[Ksender_PI_h[m[K
                [01;35m[K^~~~~~~~~~~[m[K
[01m[K/home/taste/projects/largedatataste/img_transfer_gr740_4spo_24unp/work/sender/C/wrappers/sender_vm_if.c:200:17:[m[K [01;35m[Kwarning: [m[Kcast increases required alignment of target type [[01;35m[K-Wcast-align[m[K]
    sender_PI_h ([01;35m[K([m[Kasn1SccMyInteger *)IN_varh);
                 [01;35m[K^[m[K
[01m[K/home/taste/projects/largedatataste/img_transfer_gr740_4spo_24unp/work/sender/C/wrappers/sender_vm_if.c:177:36:[m[K [01;35m[Kwarning: [m[Kunused parameter '[01m[KIN_varh_len[m[K' [[01;35m[K-Wunused-parameter[m[K]
       (const char *IN_varh, size_t [01;35m[KIN_varh_len[m[K)
                                    [01;35m[K^~~~~~~~~~~[m[K
[01m[K/home/taste/projects/largedatataste/img_transfer_gr740_4spo_24unp/work/sender/C/wrappers/sender_vm_if.c:[m[K In function '[01m[Ksender_j[m[K':
[01m[K/home/taste/projects/largedatataste/img_transfer_gr740_4spo_24unp/work/sender/C/wrappers/sender_vm_if.c:220:16:[m[K [01;35m[Kwarning: [m[Knested extern declaration of '[01m[Ksender_PI_j[m[K' [[01;35m[K-Wnested-externs[m[K]
    extern void [01;35m[Ksender_PI_j[m[K
                [01;35m[K^~~~~~~~~~~[m[K
[01m[K/home/taste/projects/largedatataste/img_transfer_gr740_4spo_24unp/work/sender/C/wrappers/sender_vm_if.c:227:17:[m[K [01;35m[Kwarning: [m[Kcast increases required alignment of target type [[01;35m[K-Wcast-align[m[K]
    sender_PI_j ([01;35m[K([m[Kasn1SccMyInteger *)IN_j);
                 [01;35m[K^[m[K
[01m[K/home/taste/projects/largedatataste/img_transfer_gr740_4spo_24unp/work/sender/C/wrappers/sender_vm_if.c:204:33:[m[K [01;35m[Kwarning: [m[Kunused parameter '[01m[KIN_j_len[m[K' [[01;35m[K-Wunused-parameter[m[K]
       (const char *IN_j, size_t [01;35m[KIN_j_len[m[K)
                                 [01;35m[K^~~~~~~~[m[K
[01m[K/home/taste/projects/largedatataste/img_transfer_gr740_4spo_24unp/work/sender/C/wrappers/sender_vm_if.c:[m[K In function '[01m[Ksender_l[m[K':
[01m[K/home/taste/projects/largedatataste/img_transfer_gr740_4spo_24unp/work/sender/C/wrappers/sender_vm_if.c:247:16:[m[K [01;35m[Kwarning: [m[Knested extern declaration of '[01m[Ksender_PI_l[m[K' [[01;35m[K-Wnested-externs[m[K]
    extern void [01;35m[Ksender_PI_l[m[K
                [01;35m[K^~~~~~~~~~~[m[K
[01m[K/home/taste/projects/largedatataste/img_transfer_gr740_4spo_24unp/work/sender/C/wrappers/sender_vm_if.c:254:17:[m[K [01;35m[Kwarning: [m[Kcast increases required alignment of target type [[01;35m[K-Wcast-align[m[K]
    sender_PI_l ([01;35m[K([m[Kasn1SccMyInteger *)IN_varl);
                 [01;35m[K^[m[K
[01m[K/home/taste/projects/largedatataste/img_transfer_gr740_4spo_24unp/work/sender/C/wrappers/sender_vm_if.c:231:36:[m[K [01;35m[Kwarning: [m[Kunused parameter '[01m[KIN_varl_len[m[K' [[01;35m[K-Wunused-parameter[m[K]
       (const char *IN_varl, size_t [01;35m[KIN_varl_len[m[K)
                                    [01;35m[K^~~~~~~~~~~[m[K
[01m[K/home/taste/projects/largedatataste/img_transfer_gr740_4spo_24unp/work/sender/C/wrappers/sender_vm_if.c:[m[K In function '[01m[Ksender_n[m[K':
[01m[K/home/taste/projects/largedatataste/img_transfer_gr740_4spo_24unp/work/sender/C/wrappers/sender_vm_if.c:274:16:[m[K [01;35m[Kwarning: [m[Knested extern declaration of '[01m[Ksender_PI_n[m[K' [[01;35m[K-Wnested-externs[m[K]
    extern void [01;35m[Ksender_PI_n[m[K
                [01;35m[K^~~~~~~~~~~[m[K
[01m[K/home/taste/projects/largedatataste/img_transfer_gr740_4spo_24unp/work/sender/C/wrappers/sender_vm_if.c:281:17:[m[K [01;35m[Kwarning: [m[Kcast increases required alignment of target type [[01;35m[K-Wcast-align[m[K]
    sender_PI_n ([01;35m[K([m[Kasn1SccMyInteger *)IN_varn);
                 [01;35m[K^[m[K
[01m[K/home/taste/projects/largedatataste/img_transfer_gr740_4spo_24unp/work/sender/C/wrappers/sender_vm_if.c:258:36:[m[K [01;35m[Kwarning: [m[Kunused parameter '[01m[KIN_varn_len[m[K' [[01;35m[K-Wunused-parameter[m[K]
       (const char *IN_varn, size_t [01;35m[KIN_varn_len[m[K)
                                    [01;35m[K^~~~~~~~~~~[m[K
[01m[K/home/taste/projects/largedatataste/img_transfer_gr740_4spo_24unp/work/sender/C/wrappers/sender_vm_if.c:[m[K In function '[01m[Ksender_p[m[K':
[01m[K/home/taste/projects/largedatataste/img_transfer_gr740_4spo_24unp/work/sender/C/wrappers/sender_vm_if.c:301:16:[m[K [01;35m[Kwarning: [m[Knested extern declaration of '[01m[Ksender_PI_p[m[K' [[01;35m[K-Wnested-externs[m[K]
    extern void [01;35m[Ksender_PI_p[m[K
                [01;35m[K^~~~~~~~~~~[m[K
[01m[K/home/taste/projects/largedatataste/img_transfer_gr740_4spo_24unp/work/sender/C/wrappers/sender_vm_if.c:308:17:[m[K [01;35m[Kwarning: [m[Kcast increases required alignment of target type [[01;35m[K-Wcast-align[m[K]
    sender_PI_p ([01;35m[K([m[Kasn1SccMyInteger *)IN_varp);
                 [01;35m[K^[m[K
[01m[K/home/taste/projects/largedatataste/img_transfer_gr740_4spo_24unp/work/sender/C/wrappers/sender_vm_if.c:285:36:[m[K [01;35m[Kwarning: [m[Kunused parameter '[01m[KIN_varp_len[m[K' [[01;35m[K-Wunused-parameter[m[K]
       (const char *IN_varp, size_t [01;35m[KIN_varp_len[m[K)
                                    [01;35m[K^~~~~~~~~~~[m[K
[01m[K/home/taste/projects/largedatataste/img_transfer_gr740_4spo_24unp/work/sender/C/wrappers/sender_vm_if.c:[m[K In function '[01m[Ksender_r[m[K':
[01m[K/home/taste/projects/largedatataste/img_transfer_gr740_4spo_24unp/work/sender/C/wrappers/sender_vm_if.c:328:16:[m[K [01;35m[Kwarning: [m[Knested extern declaration of '[01m[Ksender_PI_r[m[K' [[01;35m[K-Wnested-externs[m[K]
    extern void [01;35m[Ksender_PI_r[m[K
                [01;35m[K^~~~~~~~~~~[m[K
[01m[K/home/taste/projects/largedatataste/img_transfer_gr740_4spo_24unp/work/sender/C/wrappers/sender_vm_if.c:335:17:[m[K [01;35m[Kwarning: [m[Kcast increases required alignment of target type [[01;35m[K-Wcast-align[m[K]
    sender_PI_r ([01;35m[K([m[Kasn1SccMyInteger *)IN_varr);
                 [01;35m[K^[m[K
[01m[K/home/taste/projects/largedatataste/img_transfer_gr740_4spo_24unp/work/sender/C/wrappers/sender_vm_if.c:312:36:[m[K [01;35m[Kwarning: [m[Kunused parameter '[01m[KIN_varr_len[m[K' [[01;35m[K-Wunused-parameter[m[K]
       (const char *IN_varr, size_t [01;35m[KIN_varr_len[m[K)
                                    [01;35m[K^~~~~~~~~~~[m[K
[01m[K/home/taste/projects/largedatataste/img_transfer_gr740_4spo_24unp/work/sender/C/wrappers/sender_vm_if.c:[m[K In function '[01m[Ksender_t[m[K':
[01m[K/home/taste/projects/largedatataste/img_transfer_gr740_4spo_24unp/work/sender/C/wrappers/sender_vm_if.c:355:16:[m[K [01;35m[Kwarning: [m[Knested extern declaration of '[01m[Ksender_PI_t[m[K' [[01;35m[K-Wnested-externs[m[K]
    extern void [01;35m[Ksender_PI_t[m[K
                [01;35m[K^~~~~~~~~~~[m[K
[01m[K/home/taste/projects/largedatataste/img_transfer_gr740_4spo_24unp/work/sender/C/wrappers/sender_vm_if.c:362:17:[m[K [01;35m[Kwarning: [m[Kcast increases required alignment of target type [[01;35m[K-Wcast-align[m[K]
    sender_PI_t ([01;35m[K([m[Kasn1SccMyInteger *)IN_vart);
                 [01;35m[K^[m[K
[01m[K/home/taste/projects/largedatataste/img_transfer_gr740_4spo_24unp/work/sender/C/wrappers/sender_vm_if.c:339:36:[m[K [01;35m[Kwarning: [m[Kunused parameter '[01m[KIN_vart_len[m[K' [[01;35m[K-Wunused-parameter[m[K]
       (const char *IN_vart, size_t [01;35m[KIN_vart_len[m[K)
                                    [01;35m[K^~~~~~~~~~~[m[K
[01m[K/home/taste/projects/largedatataste/img_transfer_gr740_4spo_24unp/work/sender/C/wrappers/sender_vm_if.c:[m[K In function '[01m[Ksender_testint[m[K':
[01m[K/home/taste/projects/largedatataste/img_transfer_gr740_4spo_24unp/work/sender/C/wrappers/sender_vm_if.c:382:16:[m[K [01;35m[Kwarning: [m[Knested extern declaration of '[01m[Ksender_PI_testint[m[K' [[01;35m[K-Wnested-externs[m[K]
    extern void [01;35m[Ksender_PI_testint[m[K
                [01;35m[K^~~~~~~~~~~~~~~~~[m[K
[01m[K/home/taste/projects/largedatataste/img_transfer_gr740_4spo_24unp/work/sender/C/wrappers/sender_vm_if.c:389:23:[m[K [01;35m[Kwarning: [m[Kcast increases required alignment of target type [[01;35m[K-Wcast-align[m[K]
    sender_PI_testint ([01;35m[K([m[Kasn1SccMyInteger *)IN_int2);
                       [01;35m[K^[m[K
[01m[K/home/taste/projects/largedatataste/img_transfer_gr740_4spo_24unp/work/sender/C/wrappers/sender_vm_if.c:366:36:[m[K [01;35m[Kwarning: [m[Kunused parameter '[01m[KIN_int2_len[m[K' [[01;35m[K-Wunused-parameter[m[K]
       (const char *IN_int2, size_t [01;35m[KIN_int2_len[m[K)
                                    [01;35m[K^~~~~~~~~~~[m[K
[01m[K/home/taste/projects/largedatataste/img_transfer_gr740_4spo_24unp/work/sender/C/wrappers/sender_vm_if.c:[m[K In function '[01m[Ksender_trigger[m[K':
[01m[K/home/taste/projects/largedatataste/img_transfer_gr740_4spo_24unp/work/sender/C/wrappers/sender_vm_if.c:407:16:[m[K [01;35m[Kwarning: [m[Knested extern declaration of '[01m[Ksender_PI_trigger[m[K' [[01;35m[K-Wnested-externs[m[K]
    extern void [01;35m[Ksender_PI_trigger[m[K(void);
                [01;35m[K^~~~~~~~~~~~~~~~~[m[K
[01m[K/home/taste/projects/largedatataste/img_transfer_gr740_4spo_24unp/work/sender/C/wrappers/sender_vm_if.c:[m[K In function '[01m[Ksender_v[m[K':
[01m[K/home/taste/projects/largedatataste/img_transfer_gr740_4spo_24unp/work/sender/C/wrappers/sender_vm_if.c:428:16:[m[K [01;35m[Kwarning: [m[Knested extern declaration of '[01m[Ksender_PI_v[m[K' [[01;35m[K-Wnested-externs[m[K]
    extern void [01;35m[Ksender_PI_v[m[K
                [01;35m[K^~~~~~~~~~~[m[K
[01m[K/home/taste/projects/largedatataste/img_transfer_gr740_4spo_24unp/work/sender/C/wrappers/sender_vm_if.c:435:17:[m[K [01;35m[Kwarning: [m[Kcast increases required alignment of target type [[01;35m[K-Wcast-align[m[K]
    sender_PI_v ([01;35m[K([m[Kasn1SccMyInteger *)IN_varv);
                 [01;35m[K^[m[K
[01m[K/home/taste/projects/largedatataste/img_transfer_gr740_4spo_24unp/work/sender/C/wrappers/sender_vm_if.c:412:36:[m[K [01;35m[Kwarning: [m[Kunused parameter '[01m[KIN_varv_len[m[K' [[01;35m[K-Wunused-parameter[m[K]
       (const char *IN_varv, size_t [01;35m[KIN_varv_len[m[K)
                                    [01;35m[K^~~~~~~~~~~[m[K
[01m[K/home/taste/projects/largedatataste/img_transfer_gr740_4spo_24unp/work/sender/C/wrappers/sender_vm_if.c:[m[K In function '[01m[Ksender_x[m[K':
[01m[K/home/taste/projects/largedatataste/img_transfer_gr740_4spo_24unp/work/sender/C/wrappers/sender_vm_if.c:455:16:[m[K [01;35m[Kwarning: [m[Knested extern declaration of '[01m[Ksender_PI_x[m[K' [[01;35m[K-Wnested-externs[m[K]
    extern void [01;35m[Ksender_PI_x[m[K
                [01;35m[K^~~~~~~~~~~[m[K
[01m[K/home/taste/projects/largedatataste/img_transfer_gr740_4spo_24unp/work/sender/C/wrappers/sender_vm_if.c:462:17:[m[K [01;35m[Kwarning: [m[Kcast increases required alignment of target type [[01;35m[K-Wcast-align[m[K]
    sender_PI_x ([01;35m[K([m[Kasn1SccMyInteger *)IN_varx);
                 [01;35m[K^[m[K
[01m[K/home/taste/projects/largedatataste/img_transfer_gr740_4spo_24unp/work/sender/C/wrappers/sender_vm_if.c:439:36:[m[K [01;35m[Kwarning: [m[Kunused parameter '[01m[KIN_varx_len[m[K' [[01;35m[K-Wunused-parameter[m[K]
       (const char *IN_varx, size_t [01;35m[KIN_varx_len[m[K)
                                    [01;35m[K^~~~~~~~~~~[m[K
[01m[K/home/taste/projects/largedatataste/img_transfer_gr740_4spo_24unp/work/sender/C/wrappers/sender_vm_if.c:[m[K In function '[01m[Ksender_z[m[K':
[01m[K/home/taste/projects/largedatataste/img_transfer_gr740_4spo_24unp/work/sender/C/wrappers/sender_vm_if.c:482:16:[m[K [01;35m[Kwarning: [m[Knested extern declaration of '[01m[Ksender_PI_z[m[K' [[01;35m[K-Wnested-externs[m[K]
    extern void [01;35m[Ksender_PI_z[m[K
                [01;35m[K^~~~~~~~~~~[m[K
[01m[K/home/taste/projects/largedatataste/img_transfer_gr740_4spo_24unp/work/sender/C/wrappers/sender_vm_if.c:489:17:[m[K [01;35m[Kwarning: [m[Kcast increases required alignment of target type [[01;35m[K-Wcast-align[m[K]
    sender_PI_z ([01;35m[K([m[Kasn1SccMyInteger *)IN_varz);
                 [01;35m[K^[m[K
[01m[K/home/taste/projects/largedatataste/img_transfer_gr740_4spo_24unp/work/sender/C/wrappers/sender_vm_if.c:466:36:[m[K [01;35m[Kwarning: [m[Kunused parameter '[01m[KIN_varz_len[m[K' [[01;35m[K-Wunused-parameter[m[K]
       (const char *IN_varz, size_t [01;35m[KIN_varz_len[m[K)
                                    [01;35m[K^~~~~~~~~~~[m[K
